<?xml version="1.0" encoding="UTF-8"?>
<!-- Generated by org.testng.reporters.JUnitXMLReporter -->
<testsuite ignored="1" hostname="LAPTOP-7VIEMB4M" failures="0" tests="8" name="Test" time="0.622" errors="0" timestamp="2022-04-11T14:20:50 IST">
  <testcase classname="com.test.MavenTestNg.Register" name="@BeforeSuite setup1" time="0.001">
    <failure type="java.lang.NullPointerException" message="Cannot invoke &amp;quot;java.util.Properties.getProperty(String)&amp;quot; because &amp;quot;this.prop&amp;quot; is null">
      <![CDATA[java.lang.NullPointerException: Cannot invoke "java.util.Properties.getProperty(String)" because "this.prop" is null
at com.test.MavenTestNg.Register.setup1(Register.java:28)
... Removed 19 stack frames]]>
    </failure>
  </testcase> <!-- @BeforeSuite setup1 -->
  <testcase classname="com.test.MavenTestNg.Login" name="@BeforeMethod getXpath" time="-1.649667050488E9">
    <skipped/>
  </testcase> <!-- @BeforeMethod getXpath -->
  <testcase classname="com.test.MavenTestNg.Login" name="@BeforeMethod getXpath" time="-1.649667050519E9">
    <skipped/>
  </testcase> <!-- @BeforeMethod getXpath -->
  <testcase classname="com.test.MavenTestNg.Login" name="@BeforeMethod getXpath" time="-1.649667050535E9">
    <skipped/>
  </testcase> <!-- @BeforeMethod getXpath -->
  <testcase classname="com.test.MavenTestNg.Login" name="@BeforeMethod getXpath" time="-1.649667050548E9">
    <skipped/>
  </testcase> <!-- @BeforeMethod getXpath -->
  <testcase classname="com.test.MavenTestNg.Login" name="@BeforeMethod getXpath" time="-1.649667050567E9">
    <skipped/>
  </testcase> <!-- @BeforeMethod getXpath -->
  <testcase classname="com.test.MavenTestNg.Login" name="@BeforeMethod getXpath" time="-1.649667050578E9">
    <skipped/>
  </testcase> <!-- @BeforeMethod getXpath -->
  <testcase classname="com.test.MavenTestNg.Login" name="@BeforeMethod getXpath" time="-1.649667050587E9">
    <skipped/>
  </testcase> <!-- @BeforeMethod getXpath -->
  <testcase classname="com.test.MavenTestNg.Register" name="@BeforeMethod xpath" time="-1.649667050604E9">
    <skipped/>
  </testcase> <!-- @BeforeMethod xpath -->
  <testcase classname="com.test.MavenTestNg.Login" name="@AfterTest logout" time="-1.64966705061E9">
    <skipped/>
  </testcase> <!-- @AfterTest logout -->
  <testcase classname="com.test.MavenTestNg.Register" name="@AfterTest logout" time="-1.649667050612E9">
    <skipped/>
  </testcase> <!-- @AfterTest logout -->
  <testcase classname="com.test.MavenTestNg.Login" name="login" time="0.0">
    <skipped/>
  </testcase> <!-- login -->
  <testcase classname="com.test.MavenTestNg.Login" name="login" time="0.0">
    <skipped/>
  </testcase> <!-- login -->
  <testcase classname="com.test.MavenTestNg.Login" name="login" time="0.0">
    <skipped/>
  </testcase> <!-- login -->
  <testcase classname="com.test.MavenTestNg.Login" name="login" time="0.0">
    <skipped/>
  </testcase> <!-- login -->
  <testcase classname="com.test.MavenTestNg.Login" name="login" time="0.0">
    <skipped/>
  </testcase> <!-- login -->
  <testcase classname="com.test.MavenTestNg.Login" name="login" time="0.0">
    <skipped/>
  </testcase> <!-- login -->
  <testcase classname="com.test.MavenTestNg.Login" name="login" time="0.0">
    <skipped/>
  </testcase> <!-- login -->
  <testcase classname="com.test.MavenTestNg.Register" name="getin" time="0.0">
    <skipped/>
  </testcase> <!-- getin -->
  <testcase classname="com.test.MavenTestNg.BaseClass" name="@BeforeSuite setup" time="0.0">
    <ignored/>
  </testcase> <!-- @BeforeSuite setup -->
</testsuite> <!-- Test -->
