<?xml version="1.0" encoding="UTF-8"?>
<!-- Generated by org.testng.reporters.JUnitXMLReporter -->
<testsuite ignored="2" hostname="LAPTOP-7VIEMB4M" failures="0" tests="8" name="Default test" time="51.369" errors="0" timestamp="2022-04-11T14:40:53 IST">
  <testcase classname="com.test.MavenTestNg.Login" name="login" time="0.272"/>
  <testcase classname="com.test.MavenTestNg.Login" name="login" time="0.211"/>
  <testcase classname="com.test.MavenTestNg.Login" name="login" time="1.949"/>
  <testcase classname="com.test.MavenTestNg.Login" name="login" time="1.567"/>
  <testcase classname="com.test.MavenTestNg.Login" name="login" time="2.231"/>
  <testcase classname="com.test.MavenTestNg.Login" name="login" time="1.818"/>
  <testcase classname="com.test.MavenTestNg.Login" name="login" time="8.1"/>
  <testcase classname="com.test.MavenTestNg.Register" name="getin" time="25.92"/>
  <testcase classname="com.test.MavenTestNg.BaseClass" name="@BeforeSuite setup" time="0.0">
    <ignored/>
  </testcase> <!-- @BeforeSuite setup -->
  <testcase classname="com.test.MavenTestNg.BaseClass" name="@BeforeSuite setup" time="0.0">
    <ignored/>
  </testcase> <!-- @BeforeSuite setup -->
</testsuite> <!-- Default test -->
