<?xml version="1.0" encoding="UTF-8"?>
<testng-results ignored="0" total="1" passed="1" failed="0" skipped="0">
  <reporter-output>
  </reporter-output>
  <suite started-at="2022-04-01T23:36:23 IST" name="Default suite" finished-at="2022-04-01T23:36:24 IST" duration-ms="1350">
    <groups>
    </groups>
    <test started-at="2022-04-01T23:36:23 IST" name="Default test" finished-at="2022-04-01T23:36:24 IST" duration-ms="1350">
      <class name="com.tejas.TestngMaven.Login">
        <test-method is-config="true" signature="setup()[pri:0, instance:com.tejas.TestngMaven.Login@3d6f0054]" started-at="2022-04-01T23:35:59 IST" name="setup" finished-at="2022-04-01T23:36:23 IST" duration-ms="23753" status="PASS">
          <reporter-output>
          </reporter-output>
        </test-method> <!-- setup -->
        <test-method is-config="true" signature="getxpath()[pri:0, instance:com.tejas.TestngMaven.Login@3d6f0054]" started-at="2022-04-01T23:36:23 IST" name="getxpath" finished-at="2022-04-01T23:36:24 IST" duration-ms="546" status="PASS">
          <reporter-output>
          </reporter-output>
        </test-method> <!-- getxpath -->
        <test-method signature="login()[pri:0, instance:com.tejas.TestngMaven.Login@3d6f0054]" started-at="2022-04-01T23:36:24 IST" name="login" finished-at="2022-04-01T23:36:24 IST" duration-ms="712" status="PASS">
          <reporter-output>
          </reporter-output>
        </test-method> <!-- login -->
        <test-method is-config="true" signature="teardown()[pri:0, instance:com.tejas.TestngMaven.Login@3d6f0054]" started-at="2022-04-01T23:36:25 IST" name="teardown" finished-at="2022-04-01T23:36:25 IST" duration-ms="427" status="PASS">
          <reporter-output>
          </reporter-output>
        </test-method> <!-- teardown -->
      </class> <!-- com.tejas.TestngMaven.Login -->
    </test> <!-- Default test -->
  </suite> <!-- Default suite -->
</testng-results>
